Determining if the pthread_create exist failed with the following output:
Change Dir: /home/mialbro/Desktop/robot-manipulation/ws_moveit/build/moveit_tutorials/CMakeFiles/CMakeTmp

Run Build Command:"/usr/bin/make" "cmTC_adbc2/fast"
/usr/bin/make -f CMakeFiles/cmTC_adbc2.dir/build.make CMakeFiles/cmTC_adbc2.dir/build
make[1]: Entering directory '/home/mialbro/Desktop/robot-manipulation/ws_moveit/build/moveit_tutorials/CMakeFiles/CMakeTmp'
Building C object CMakeFiles/cmTC_adbc2.dir/CheckSymbolExists.c.o
/usr/bin/cc    -o CMakeFiles/cmTC_adbc2.dir/CheckSymbolExists.c.o   -c /home/mialbro/Desktop/robot-manipulation/ws_moveit/build/moveit_tutorials/CMakeFiles/CMakeTmp/CheckSymbolExists.c
Linking C executable cmTC_adbc2
/usr/bin/cmake -E cmake_link_script CMakeFiles/cmTC_adbc2.dir/link.txt --verbose=1
/usr/bin/cc      -rdynamic CMakeFiles/cmTC_adbc2.dir/CheckSymbolExists.c.o  -o cmTC_adbc2 
CMakeFiles/cmTC_adbc2.dir/CheckSymbolExists.c.o: In function `main':
CheckSymbolExists.c:(.text+0x1b): undefined reference to `pthread_create'
collect2: error: ld returned 1 exit status
CMakeFiles/cmTC_adbc2.dir/build.make:97: recipe for target 'cmTC_adbc2' failed
make[1]: *** [cmTC_adbc2] Error 1
make[1]: Leaving directory '/home/mialbro/Desktop/robot-manipulation/ws_moveit/build/moveit_tutorials/CMakeFiles/CMakeTmp'
Makefile:126: recipe for target 'cmTC_adbc2/fast' failed
make: *** [cmTC_adbc2/fast] Error 2

File /home/mialbro/Desktop/robot-manipulation/ws_moveit/build/moveit_tutorials/CMakeFiles/CMakeTmp/CheckSymbolExists.c:
/* */
#include <pthread.h>

int main(int argc, char** argv)
{
  (void)argv;
#ifndef pthread_create
  return ((int*)(&pthread_create))[argc];
#else
  (void)argc;
  return 0;
#endif
}

Determining if the function pthread_create exists in the pthreads failed with the following output:
Change Dir: /home/mialbro/Desktop/robot-manipulation/ws_moveit/build/moveit_tutorials/CMakeFiles/CMakeTmp

Run Build Command:"/usr/bin/make" "cmTC_6e1cc/fast"
/usr/bin/make -f CMakeFiles/cmTC_6e1cc.dir/build.make CMakeFiles/cmTC_6e1cc.dir/build
make[1]: Entering directory '/home/mialbro/Desktop/robot-manipulation/ws_moveit/build/moveit_tutorials/CMakeFiles/CMakeTmp'
Building C object CMakeFiles/cmTC_6e1cc.dir/CheckFunctionExists.c.o
/usr/bin/cc   -DCHECK_FUNCTION_EXISTS=pthread_create   -o CMakeFiles/cmTC_6e1cc.dir/CheckFunctionExists.c.o   -c /usr/share/cmake-3.10/Modules/CheckFunctionExists.c
Linking C executable cmTC_6e1cc
/usr/bin/cmake -E cmake_link_script CMakeFiles/cmTC_6e1cc.dir/link.txt --verbose=1
/usr/bin/cc  -DCHECK_FUNCTION_EXISTS=pthread_create    -rdynamic CMakeFiles/cmTC_6e1cc.dir/CheckFunctionExists.c.o  -o cmTC_6e1cc -lpthreads 
/usr/bin/ld: cannot find -lpthreads
collect2: error: ld returned 1 exit status
CMakeFiles/cmTC_6e1cc.dir/build.make:97: recipe for target 'cmTC_6e1cc' failed
make[1]: *** [cmTC_6e1cc] Error 1
make[1]: Leaving directory '/home/mialbro/Desktop/robot-manipulation/ws_moveit/build/moveit_tutorials/CMakeFiles/CMakeTmp'
Makefile:126: recipe for target 'cmTC_6e1cc/fast' failed
make: *** [cmTC_6e1cc/fast] Error 2


